SF:lib/src/owner_mixin.dart
DA:18,6
DA:20,15
DA:23,15
DA:24,15
DA:26,31
DA:29,1
DA:31,2
DA:32,3
DA:38,15
DA:42,30
DA:45,14
DA:47,28
DA:48,42
DA:51,30
DA:55,1
DA:62,1
DA:71,4
DA:74,4
DA:76,12
DA:79,4
DA:81,8
DA:82,12
DA:87,15
DA:90,15
DA:92,45
DA:97,15
DA:99,30
DA:100,15
DA:107,15
DA:111,41
DA:114,11
DA:116,22
DA:117,33
DA:131,1
DA:142,1
DA:145,1
DA:147,1
DA:148,2
DA:151,1
DA:153,1
DA:154,2
DA:157,1
DA:159,1
DA:160,2
DA:163,1
DA:165,2
DA:166,1
LF:47
LH:47
end_of_record
SF:lib/src/lifecycle_observer.dart
DA:9,18
DA:13,12
DA:79,6
DA:80,12
DA:83,12
DA:88,3
DA:91,1
DA:93,1
DA:109,6
DA:112,13
DA:113,12
DA:119,3
DA:122,10
DA:123,2
DA:124,1
DA:129,6
DA:135,6
DA:138,12
DA:144,4
DA:159,3
DA:161,6
DA:162,9
DA:166,4
DA:167,2
DA:169,4
LF:25
LH:25
end_of_record
SF:lib/src/observer/anim.dart
DA:30,1
DA:42,1
DA:44,1
DA:46,2
DA:47,3
DA:48,2
DA:51,1
DA:52,2
DA:53,3
DA:54,2
DA:59,1
DA:61,1
DA:62,1
DA:63,2
DA:64,2
DA:65,1
DA:66,1
DA:67,1
DA:68,1
DA:69,1
DA:73,1
DA:75,1
DA:86,1
DA:91,2
DA:94,1
DA:96,2
DA:99,1
DA:101,3
DA:102,1
DA:105,1
DA:107,1
DA:108,2
DA:111,1
DA:112,2
LF:34
LH:34
end_of_record
SF:lib/src/observer/base.dart
DA:10,1
DA:15,3
DA:18,1
DA:20,2
DA:23,1
DA:24,2
DA:27,1
DA:29,1
DA:43,1
DA:50,1
DA:52,1
DA:53,1
DA:55,1
DA:61,1
DA:62,3
DA:63,2
DA:65,1
DA:69,3
DA:70,5
DA:71,2
DA:72,2
DA:75,1
DA:76,5
DA:77,2
DA:78,2
DA:100,1
DA:109,1
DA:111,1
DA:112,1
DA:114,1
DA:118,1
DA:119,1
DA:120,1
DA:122,3
DA:123,1
DA:124,2
DA:125,2
DA:126,2
DA:129,1
DA:130,2
DA:131,2
DA:132,2
DA:139,1
DA:140,2
DA:141,2
DA:142,3
DA:148,1
DA:150,2
DA:151,1
LF:49
LH:49
end_of_record
SF:lib/src/observer/widget.dart
DA:21,1
DA:31,1
DA:33,1
DA:36,1
DA:38,1
DA:39,1
DA:40,1
DA:41,1
DA:42,1
DA:43,1
DA:59,1
DA:67,1
DA:69,1
DA:72,1
DA:74,1
DA:75,1
DA:76,1
DA:77,1
DA:78,1
DA:92,1
DA:112,1
DA:114,1
DA:117,1
DA:119,1
DA:120,2
DA:122,2
DA:144,1
DA:170,1
DA:172,1
DA:175,1
DA:177,1
DA:178,1
DA:179,1
DA:180,1
DA:181,1
DA:182,1
DA:198,1
DA:206,1
DA:208,1
DA:211,1
DA:213,1
DA:214,1
DA:215,1
DA:216,1
LF:44
LH:44
end_of_record
