SF:lib/src/owner_mixin.dart
DA:20,10
DA:22,25
DA:26,25
DA:28,25
DA:29,50
DA:30,25
DA:35,25
DA:38,25
DA:39,25
DA:41,51
DA:42,2
DA:46,2
DA:48,1
DA:51,0
DA:58,25
DA:60,50
DA:63,50
DA:66,75
DA:67,21
DA:68,14
DA:69,7
DA:70,14
DA:71,7
DA:76,50
DA:78,48
DA:80,24
DA:83,1
DA:93,3
DA:95,3
DA:102,6
DA:104,6
DA:105,12
DA:107,8
DA:108,2
DA:112,25
DA:116,25
DA:120,25
DA:121,50
DA:123,32
DA:124,7
DA:127,25
DA:129,50
DA:131,25
DA:135,25
DA:136,50
DA:137,50
DA:139,14
DA:140,7
DA:141,7
DA:142,14
DA:148,1
DA:155,1
DA:164,10
DA:167,10
DA:169,30
DA:170,20
DA:174,20
DA:178,24
DA:181,24
DA:183,24
DA:184,114
DA:187,46
DA:188,22
DA:191,48
DA:192,0
DA:195,48
DA:196,48
DA:197,48
DA:198,24
DA:205,24
DA:209,68
DA:210,40
DA:214,60
DA:227,1
DA:238,1
DA:241,1
DA:243,1
DA:244,2
DA:247,1
DA:249,1
DA:250,2
DA:253,1
DA:255,1
DA:256,2
DA:259,1
DA:261,2
DA:262,1
LF:87
LH:85
end_of_record
SF:lib/src/lifecycle_observer.dart
DA:9,24
DA:15,24
DA:19,16
DA:22,16
DA:89,8
DA:90,16
DA:93,16
DA:98,3
DA:101,1
DA:103,1
DA:124,8
DA:127,20
DA:128,16
DA:129,8
DA:133,6
DA:139,8
DA:142,28
DA:143,8
DA:145,8
DA:147,4
DA:148,8
DA:149,4
DA:152,4
DA:154,2
DA:158,2
DA:168,8
DA:171,8
DA:174,16
DA:175,8
DA:181,3
DA:196,4
DA:198,8
DA:201,6
DA:202,9
DA:206,6
DA:208,3
DA:210,6
LF:37
LH:37
end_of_record
SF:lib/src/observer/anim.dart
DA:38,1
DA:54,2
DA:68,3
DA:70,3
DA:72,3
DA:74,1
DA:75,2
DA:77,3
DA:79,1
DA:81,1
DA:82,3
DA:86,2
DA:87,3
DA:88,2
DA:91,1
DA:92,2
DA:93,3
DA:94,2
DA:99,1
DA:101,1
DA:102,1
DA:103,2
DA:104,2
DA:105,1
DA:106,1
DA:107,1
DA:108,1
DA:109,1
DA:113,1
DA:115,1
DA:128,1
DA:134,1
DA:140,3
DA:142,1
DA:144,1
DA:145,2
DA:146,3
DA:149,0
DA:151,0
DA:152,0
DA:155,0
DA:156,0
DA:157,0
DA:158,0
DA:159,0
DA:160,0
DA:164,1
DA:166,2
DA:169,1
DA:171,3
DA:172,1
DA:175,1
DA:177,1
DA:178,2
DA:181,1
DA:182,2
LF:56
LH:47
end_of_record
SF:lib/src/observer/base.dart
DA:12,2
DA:18,2
DA:24,2
DA:25,4
DA:27,2
DA:29,2
DA:32,6
DA:35,1
DA:37,1
DA:38,4
DA:41,0
DA:42,0
DA:43,0
DA:44,0
DA:45,0
DA:49,2
DA:51,4
DA:54,2
DA:55,4
DA:58,2
DA:60,2
DA:76,2
DA:88,7
DA:89,7
DA:91,2
DA:93,2
DA:98,2
DA:100,2
DA:101,2
DA:104,1
DA:106,1
DA:107,4
DA:110,0
DA:111,0
DA:112,0
DA:113,0
DA:114,0
DA:115,0
DA:119,2
DA:120,2
DA:122,1
DA:123,1
DA:124,4
DA:127,2
DA:128,2
DA:129,4
DA:130,2
DA:136,4
DA:137,6
DA:138,2
DA:139,2
DA:142,2
DA:143,6
DA:144,2
DA:145,2
DA:155,2
DA:157,2
DA:174,2
DA:186,6
DA:187,6
DA:192,2
DA:194,2
DA:197,2
DA:199,2
DA:200,2
DA:203,0
DA:205,0
DA:206,0
DA:209,0
DA:210,0
DA:211,0
DA:212,0
DA:213,0
DA:214,0
DA:218,2
DA:219,2
DA:221,1
DA:222,1
DA:223,3
DA:226,2
DA:227,2
DA:228,2
DA:229,2
DA:230,2
DA:233,2
DA:234,1
DA:235,2
DA:236,2
DA:237,2
DA:240,1
DA:241,2
DA:242,2
DA:243,2
DA:250,1
DA:251,2
DA:252,2
DA:253,3
DA:259,2
DA:261,3
DA:262,2
DA:263,2
LF:101
LH:81
end_of_record
SF:lib/src/observer/widget.dart
DA:26,1
DA:50,1
DA:51,2
DA:53,1
DA:54,2
DA:56,3
DA:58,1
DA:59,2
DA:61,1
DA:62,2
DA:64,1
DA:66,1
DA:69,1
DA:71,1
DA:72,1
DA:73,1
DA:74,1
DA:75,1
DA:76,1
DA:98,1
DA:108,2
DA:118,3
DA:120,3
DA:122,1
DA:123,2
DA:125,1
DA:127,1
DA:130,1
DA:132,1
DA:133,1
DA:134,1
DA:135,1
DA:136,1
DA:152,1
DA:164,4
DA:166,1
DA:167,2
DA:182,1
DA:184,1
DA:187,1
DA:189,1
DA:190,2
DA:192,2
DA:219,1
DA:243,3
DA:245,1
DA:246,2
DA:248,4
DA:250,1
DA:251,3
DA:253,1
DA:254,3
DA:275,1
DA:277,1
DA:280,1
DA:282,1
DA:283,1
DA:284,1
DA:285,1
DA:286,1
DA:287,1
DA:306,1
DA:322,3
DA:324,3
DA:326,1
DA:327,2
DA:329,1
DA:331,1
DA:334,1
DA:336,1
DA:337,1
DA:338,1
DA:339,1
LF:73
LH:73
end_of_record
